[23:50:08] Running: ├───────────────────┼───────────────────────────────┤
[23:50:08] Scraping '├───────────────────┼───────────────────────────────┤' on both...
Traceback (most recent call last):
  File "/root/projects/getautoapply/scripts/scrape_one.py", line 122, in <module>
    main()
  File "/root/projects/getautoapply/scripts/scrape_one.py", line 114, in main
    jobs = scrape_one(SEARCH_TERM, SITE)
           ^^^^^^^^^^^^^^^^^^^^^^^^^^^^^
  File "/root/projects/getautoapply/scripts/scrape_one.py", line 13, in scrape_one
    from jobspy import scrape_jobs
ModuleNotFoundError: No module named 'jobspy'
[00:00:13] Running: ├───────────────────┼───────────────────────────────┤
[00:00:13] Scraping '├───────────────────┼───────────────────────────────┤' on both...
Traceback (most recent call last):
  File "/root/projects/getautoapply/scripts/scrape_one.py", line 136, in <module>
    main()
  File "/root/projects/getautoapply/scripts/scrape_one.py", line 128, in main
    jobs = scrape_one(SEARCH_TERM, SITE)
           ^^^^^^^^^^^^^^^^^^^^^^^^^^^^^
  File "/root/projects/getautoapply/scripts/scrape_one.py", line 30, in scrape_one
    from jobspy import scrape_jobs
ModuleNotFoundError: No module named 'jobspy'
[00:10:13] Running: ├───────────────────┼───────────────────────────────┤
[00:10:13] Scraping '├───────────────────┼───────────────────────────────┤' on both...
Traceback (most recent call last):
  File "/root/projects/getautoapply/scripts/scrape_one.py", line 127, in <module>
    main()
  File "/root/projects/getautoapply/scripts/scrape_one.py", line 119, in main
    jobs = scrape_one(SEARCH_TERM, SITE)
           ^^^^^^^^^^^^^^^^^^^^^^^^^^^^^
  File "/root/projects/getautoapply/scripts/scrape_one.py", line 30, in scrape_one
    from jobspy import scrape_jobs
ModuleNotFoundError: No module named 'jobspy'
[00:20:15] Running: ├───────────────────┼───────────────────────────────┤
[00:20:15] Scraping '├───────────────────┼───────────────────────────────┤' on both...
Traceback (most recent call last):
  File "/root/projects/getautoapply/scripts/scrape_one.py", line 127, in <module>
    main()
  File "/root/projects/getautoapply/scripts/scrape_one.py", line 119, in main
    jobs = scrape_one(SEARCH_TERM, SITE)
           ^^^^^^^^^^^^^^^^^^^^^^^^^^^^^
  File "/root/projects/getautoapply/scripts/scrape_one.py", line 30, in scrape_one
    from jobspy import scrape_jobs
ModuleNotFoundError: No module named 'jobspy'
[00:30:12] Running: ├───────────────────┼───────────────────────────────┤
[00:30:12] Scraping '├───────────────────┼───────────────────────────────┤' on both...
Traceback (most recent call last):
  File "/root/projects/getautoapply/scripts/scrape_one.py", line 112, in <module>
    main()
  File "/root/projects/getautoapply/scripts/scrape_one.py", line 104, in main
    jobs = scrape_one(SEARCH_TERM, SITE)
           ^^^^^^^^^^^^^^^^^^^^^^^^^^^^^
  File "/root/projects/getautoapply/scripts/scrape_one.py", line 30, in scrape_one
    from jobspy import scrape_jobs
ModuleNotFoundError: No module named 'jobspy'
[00:40:12] Running: full stack developer
[00:40:12] Scraping 'full stack developer' on both...
Traceback (most recent call last):
  File "/root/projects/getautoapply/scripts/scrape_one.py", line 122, in <module>
    main()
  File "/root/projects/getautoapply/scripts/scrape_one.py", line 114, in main
    jobs = scrape_one(SEARCH_TERM, SITE)
           ^^^^^^^^^^^^^^^^^^^^^^^^^^^^^
  File "/root/projects/getautoapply/scripts/scrape_one.py", line 32, in scrape_one
    from jobspy import scrape_jobs
ModuleNotFoundError: No module named 'jobspy'
[00:50:19] Running: full stack developer
[00:50:19] Scraping 'full stack developer' on both...
Traceback (most recent call last):
  File "/root/projects/getautoapply/scripts/scrape_one.py", line 122, in <module>
    main()
  File "/root/projects/getautoapply/scripts/scrape_one.py", line 114, in main
    jobs = scrape_one(SEARCH_TERM, SITE)
           ^^^^^^^^^^^^^^^^^^^^^^^^^^^^^
  File "/root/projects/getautoapply/scripts/scrape_one.py", line 32, in scrape_one
    from jobspy import scrape_jobs
ModuleNotFoundError: No module named 'jobspy'
[01:00:15] Running: full stack developer
[01:00:15] Scraping 'full stack developer' on both...
Traceback (most recent call last):
  File "/root/projects/getautoapply/scripts/scrape_one.py", line 122, in <module>
    main()
  File "/root/projects/getautoapply/scripts/scrape_one.py", line 114, in main
    jobs = scrape_one(SEARCH_TERM, SITE)
           ^^^^^^^^^^^^^^^^^^^^^^^^^^^^^
  File "/root/projects/getautoapply/scripts/scrape_one.py", line 32, in scrape_one
    from jobspy import scrape_jobs
ModuleNotFoundError: No module named 'jobspy'
[01:10:21] Running: full stack developer
[01:10:21] Scraping 'full stack developer' on both...
Traceback (most recent call last):
  File "/root/projects/getautoapply/scripts/scrape_one.py", line 118, in <module>
    main()
  File "/root/projects/getautoapply/scripts/scrape_one.py", line 110, in main
    jobs = scrape_one(SEARCH_TERM, SITE)
           ^^^^^^^^^^^^^^^^^^^^^^^^^^^^^
  File "/root/projects/getautoapply/scripts/scrape_one.py", line 24, in scrape_one
    from jobspy import scrape_jobs
ModuleNotFoundError: No module named 'jobspy'
[01:20:13] Running: full stack developer
[01:20:13] Scraping 'full stack developer' on both...
Traceback (most recent call last):
  File "/root/projects/getautoapply/scripts/scrape_one.py", line 129, in <module>
    main()
  File "/root/projects/getautoapply/scripts/scrape_one.py", line 121, in main
    jobs = scrape_one(SEARCH_TERM, SITE)
           ^^^^^^^^^^^^^^^^^^^^^^^^^^^^^
  File "/root/projects/getautoapply/scripts/scrape_one.py", line 24, in scrape_one
    from jobspy import scrape_jobs
ModuleNotFoundError: No module named 'jobspy'
[01:30:13] Running: full stack developer
[01:30:13] Scraping 'full stack developer' on both...
Traceback (most recent call last):
  File "/root/projects/getautoapply/scripts/scrape_one.py", line 129, in <module>
    main()
  File "/root/projects/getautoapply/scripts/scrape_one.py", line 121, in main
    jobs = scrape_one(SEARCH_TERM, SITE)
           ^^^^^^^^^^^^^^^^^^^^^^^^^^^^^
  File "/root/projects/getautoapply/scripts/scrape_one.py", line 24, in scrape_one
    from jobspy import scrape_jobs
ModuleNotFoundError: No module named 'jobspy'
[01:40:18] Running: full stack developer
[01:40:18] Scraping 'full stack developer' on both...
Traceback (most recent call last):
  File "/root/projects/getautoapply/scripts/scrape_one.py", line 129, in <module>
    main()
  File "/root/projects/getautoapply/scripts/scrape_one.py", line 121, in main
    jobs = scrape_one(SEARCH_TERM, SITE)
           ^^^^^^^^^^^^^^^^^^^^^^^^^^^^^
  File "/root/projects/getautoapply/scripts/scrape_one.py", line 24, in scrape_one
    from jobspy import scrape_jobs
ModuleNotFoundError: No module named 'jobspy'
[01:50:15] Running: full stack developer
[01:50:15] Scraping 'full stack developer' on both...
Traceback (most recent call last):
  File "/root/projects/getautoapply/scripts/scrape_one.py", line 129, in <module>
    main()
  File "/root/projects/getautoapply/scripts/scrape_one.py", line 121, in main
    jobs = scrape_one(SEARCH_TERM, SITE)
           ^^^^^^^^^^^^^^^^^^^^^^^^^^^^^
  File "/root/projects/getautoapply/scripts/scrape_one.py", line 24, in scrape_one
    from jobspy import scrape_jobs
ModuleNotFoundError: No module named 'jobspy'
[02:00:11] Running: Chief Data Officer
[02:00:12] Scraping 'Chief Data Officer' on both...
Traceback (most recent call last):
  File "/root/projects/getautoapply/scripts/scrape_one.py", line 129, in <module>
    main()
  File "/root/projects/getautoapply/scripts/scrape_one.py", line 121, in main
    jobs = scrape_one(SEARCH_TERM, SITE)
           ^^^^^^^^^^^^^^^^^^^^^^^^^^^^^
  File "/root/projects/getautoapply/scripts/scrape_one.py", line 24, in scrape_one
    from jobspy import scrape_jobs
ModuleNotFoundError: No module named 'jobspy'
[02:10:04] Running: Chief Data Officer
[02:10:04] Scraping 'Chief Data Officer' on both...
Traceback (most recent call last):
  File "/root/projects/getautoapply/scripts/scrape_one.py", line 129, in <module>
    main()
  File "/root/projects/getautoapply/scripts/scrape_one.py", line 121, in main
    jobs = scrape_one(SEARCH_TERM, SITE)
           ^^^^^^^^^^^^^^^^^^^^^^^^^^^^^
  File "/root/projects/getautoapply/scripts/scrape_one.py", line 24, in scrape_one
    from jobspy import scrape_jobs
ModuleNotFoundError: No module named 'jobspy'
[02:20:06] Running: Chief Data Officer
[02:20:06] Scraping 'Chief Data Officer' on both...
Traceback (most recent call last):
  File "/root/projects/getautoapply/scripts/scrape_one.py", line 134, in <module>
    main()
  File "/root/projects/getautoapply/scripts/scrape_one.py", line 126, in main
    jobs = scrape_one(SEARCH_TERM, SITE)
           ^^^^^^^^^^^^^^^^^^^^^^^^^^^^^
  File "/root/projects/getautoapply/scripts/scrape_one.py", line 24, in scrape_one
    from jobspy import scrape_jobs
ModuleNotFoundError: No module named 'jobspy'
[02:30:05] Running: Chief Data Officer
[02:30:05] Scraping 'Chief Data Officer' on both...
Traceback (most recent call last):
  File "/root/projects/getautoapply/scripts/scrape_one.py", line 134, in <module>
    main()
  File "/root/projects/getautoapply/scripts/scrape_one.py", line 126, in main
    jobs = scrape_one(SEARCH_TERM, SITE)
           ^^^^^^^^^^^^^^^^^^^^^^^^^^^^^
  File "/root/projects/getautoapply/scripts/scrape_one.py", line 24, in scrape_one
    from jobspy import scrape_jobs
ModuleNotFoundError: No module named 'jobspy'
[02:40:05] Running: Chief Data Officer
[02:40:05] Scraping 'Chief Data Officer' on both...
Traceback (most recent call last):
  File "/root/projects/getautoapply/scripts/scrape_one.py", line 134, in <module>
    main()
  File "/root/projects/getautoapply/scripts/scrape_one.py", line 126, in main
    jobs = scrape_one(SEARCH_TERM, SITE)
           ^^^^^^^^^^^^^^^^^^^^^^^^^^^^^
  File "/root/projects/getautoapply/scripts/scrape_one.py", line 24, in scrape_one
    from jobspy import scrape_jobs
ModuleNotFoundError: No module named 'jobspy'
[02:50:06] Running: Chief Data Officer
[02:50:07] Scraping 'Chief Data Officer' on both...
Traceback (most recent call last):
  File "/root/projects/getautoapply/scripts/scrape_one.py", line 134, in <module>
    main()
  File "/root/projects/getautoapply/scripts/scrape_one.py", line 126, in main
    jobs = scrape_one(SEARCH_TERM, SITE)
           ^^^^^^^^^^^^^^^^^^^^^^^^^^^^^
  File "/root/projects/getautoapply/scripts/scrape_one.py", line 24, in scrape_one
    from jobspy import scrape_jobs
ModuleNotFoundError: No module named 'jobspy'
[03:00:05] Running: Chief Data Officer
[03:00:05] Scraping 'Chief Data Officer' on both...
Traceback (most recent call last):
  File "/root/projects/getautoapply/scripts/scrape_one.py", line 134, in <module>
    main()
  File "/root/projects/getautoapply/scripts/scrape_one.py", line 126, in main
    jobs = scrape_one(SEARCH_TERM, SITE)
           ^^^^^^^^^^^^^^^^^^^^^^^^^^^^^
  File "/root/projects/getautoapply/scripts/scrape_one.py", line 24, in scrape_one
    from jobspy import scrape_jobs
ModuleNotFoundError: No module named 'jobspy'
[03:10:04] Running: Chief Data Officer
[03:10:04] Scraping 'Chief Data Officer' on both...
Traceback (most recent call last):
  File "/root/projects/getautoapply/scripts/scrape_one.py", line 134, in <module>
    main()
  File "/root/projects/getautoapply/scripts/scrape_one.py", line 126, in main
    jobs = scrape_one(SEARCH_TERM, SITE)
           ^^^^^^^^^^^^^^^^^^^^^^^^^^^^^
  File "/root/projects/getautoapply/scripts/scrape_one.py", line 24, in scrape_one
    from jobspy import scrape_jobs
ModuleNotFoundError: No module named 'jobspy'
[03:20:07] Running: Chief Data Officer
[03:20:07] Scraping 'Chief Data Officer' on both...
Traceback (most recent call last):
  File "/root/projects/getautoapply/scripts/scrape_one.py", line 134, in <module>
    main()
  File "/root/projects/getautoapply/scripts/scrape_one.py", line 126, in main
    jobs = scrape_one(SEARCH_TERM, SITE)
           ^^^^^^^^^^^^^^^^^^^^^^^^^^^^^
  File "/root/projects/getautoapply/scripts/scrape_one.py", line 24, in scrape_one
    from jobspy import scrape_jobs
ModuleNotFoundError: No module named 'jobspy'
[03:30:05] Running: Chief Data Officer
[03:30:05] Scraping 'Chief Data Officer' on both...
Traceback (most recent call last):
  File "/root/projects/getautoapply/scripts/scrape_one.py", line 134, in <module>
    main()
  File "/root/projects/getautoapply/scripts/scrape_one.py", line 126, in main
    jobs = scrape_one(SEARCH_TERM, SITE)
           ^^^^^^^^^^^^^^^^^^^^^^^^^^^^^
  File "/root/projects/getautoapply/scripts/scrape_one.py", line 24, in scrape_one
    from jobspy import scrape_jobs
ModuleNotFoundError: No module named 'jobspy'
[03:40:05] Running: Chief Data Officer
[03:40:05] Scraping 'Chief Data Officer' on both...
Traceback (most recent call last):
  File "/root/projects/getautoapply/scripts/scrape_one.py", line 134, in <module>
    main()
  File "/root/projects/getautoapply/scripts/scrape_one.py", line 126, in main
    jobs = scrape_one(SEARCH_TERM, SITE)
           ^^^^^^^^^^^^^^^^^^^^^^^^^^^^^
  File "/root/projects/getautoapply/scripts/scrape_one.py", line 24, in scrape_one
    from jobspy import scrape_jobs
ModuleNotFoundError: No module named 'jobspy'
[03:50:11] Running: Chief Data Officer
[03:50:11] Scraping 'Chief Data Officer' on both...
Traceback (most recent call last):
  File "/root/projects/getautoapply/scripts/scrape_one.py", line 134, in <module>
    main()
  File "/root/projects/getautoapply/scripts/scrape_one.py", line 126, in main
    jobs = scrape_one(SEARCH_TERM, SITE)
           ^^^^^^^^^^^^^^^^^^^^^^^^^^^^^
  File "/root/projects/getautoapply/scripts/scrape_one.py", line 24, in scrape_one
    from jobspy import scrape_jobs
ModuleNotFoundError: No module named 'jobspy'
[04:00:06] Running: Chief Data Officer
[04:00:06] Scraping 'Chief Data Officer' on both...
Traceback (most recent call last):
  File "/root/projects/getautoapply/scripts/scrape_one.py", line 134, in <module>
    main()
  File "/root/projects/getautoapply/scripts/scrape_one.py", line 126, in main
    jobs = scrape_one(SEARCH_TERM, SITE)
           ^^^^^^^^^^^^^^^^^^^^^^^^^^^^^
  File "/root/projects/getautoapply/scripts/scrape_one.py", line 24, in scrape_one
    from jobspy import scrape_jobs
ModuleNotFoundError: No module named 'jobspy'
[04:10:04] Running: Chief Data Officer
[04:10:05] Scraping 'Chief Data Officer' on both...
Traceback (most recent call last):
  File "/root/projects/getautoapply/scripts/scrape_one.py", line 134, in <module>
    main()
  File "/root/projects/getautoapply/scripts/scrape_one.py", line 126, in main
    jobs = scrape_one(SEARCH_TERM, SITE)
           ^^^^^^^^^^^^^^^^^^^^^^^^^^^^^
  File "/root/projects/getautoapply/scripts/scrape_one.py", line 24, in scrape_one
    from jobspy import scrape_jobs
ModuleNotFoundError: No module named 'jobspy'
[04:20:13] Running: Chief Data Officer
[04:20:14] Scraping 'Chief Data Officer' on both...
Traceback (most recent call last):
  File "/root/projects/getautoapply/scripts/scrape_one.py", line 154, in <module>
    main()
  File "/root/projects/getautoapply/scripts/scrape_one.py", line 146, in main
    jobs = scrape_one(SEARCH_TERM, SITE)
           ^^^^^^^^^^^^^^^^^^^^^^^^^^^^^
  File "/root/projects/getautoapply/scripts/scrape_one.py", line 44, in scrape_one
    from jobspy import scrape_jobs
ModuleNotFoundError: No module named 'jobspy'
[04:30:06] Running: Chief Data Officer
[04:30:06] Scraping 'Chief Data Officer' on both...
Traceback (most recent call last):
  File "/root/projects/getautoapply/scripts/scrape_one.py", line 154, in <module>
    main()
  File "/root/projects/getautoapply/scripts/scrape_one.py", line 146, in main
    jobs = scrape_one(SEARCH_TERM, SITE)
           ^^^^^^^^^^^^^^^^^^^^^^^^^^^^^
  File "/root/projects/getautoapply/scripts/scrape_one.py", line 44, in scrape_one
    from jobspy import scrape_jobs
ModuleNotFoundError: No module named 'jobspy'
[04:40:05] Running: Chief Data Officer
[04:40:05] Scraping 'Chief Data Officer' on both...
Traceback (most recent call last):
  File "/root/projects/getautoapply/scripts/scrape_one.py", line 134, in <module>
    main()
  File "/root/projects/getautoapply/scripts/scrape_one.py", line 126, in main
    jobs = scrape_one(SEARCH_TERM, SITE)
           ^^^^^^^^^^^^^^^^^^^^^^^^^^^^^
  File "/root/projects/getautoapply/scripts/scrape_one.py", line 24, in scrape_one
    from jobspy import scrape_jobs
ModuleNotFoundError: No module named 'jobspy'
[04:50:05] Running: Chief Data Officer
[04:50:05] Scraping 'Chief Data Officer' on both...
Traceback (most recent call last):
  File "/root/projects/getautoapply/scripts/scrape_one.py", line 134, in <module>
    main()
  File "/root/projects/getautoapply/scripts/scrape_one.py", line 126, in main
    jobs = scrape_one(SEARCH_TERM, SITE)
           ^^^^^^^^^^^^^^^^^^^^^^^^^^^^^
  File "/root/projects/getautoapply/scripts/scrape_one.py", line 24, in scrape_one
    from jobspy import scrape_jobs
ModuleNotFoundError: No module named 'jobspy'
[05:00:06] Running: Chief Data Officer
[05:00:07] Scraping 'Chief Data Officer' on both...
Traceback (most recent call last):
  File "/root/projects/getautoapply/scripts/scrape_one.py", line 134, in <module>
    main()
  File "/root/projects/getautoapply/scripts/scrape_one.py", line 126, in main
    jobs = scrape_one(SEARCH_TERM, SITE)
           ^^^^^^^^^^^^^^^^^^^^^^^^^^^^^
  File "/root/projects/getautoapply/scripts/scrape_one.py", line 24, in scrape_one
    from jobspy import scrape_jobs
ModuleNotFoundError: No module named 'jobspy'
[05:10:10] Running: Chief Data Officer
[05:10:10] Scraping 'Chief Data Officer' on both...
Traceback (most recent call last):
  File "/root/projects/getautoapply/scripts/scrape_one.py", line 134, in <module>
    main()
  File "/root/projects/getautoapply/scripts/scrape_one.py", line 126, in main
    jobs = scrape_one(SEARCH_TERM, SITE)
           ^^^^^^^^^^^^^^^^^^^^^^^^^^^^^
  File "/root/projects/getautoapply/scripts/scrape_one.py", line 24, in scrape_one
    from jobspy import scrape_jobs
ModuleNotFoundError: No module named 'jobspy'
[05:20:09] Running: Chief Data Officer
[05:20:09] Scraping 'Chief Data Officer' on both...
Traceback (most recent call last):
  File "/root/projects/getautoapply/scripts/scrape_one.py", line 134, in <module>
    main()
  File "/root/projects/getautoapply/scripts/scrape_one.py", line 126, in main
    jobs = scrape_one(SEARCH_TERM, SITE)
           ^^^^^^^^^^^^^^^^^^^^^^^^^^^^^
  File "/root/projects/getautoapply/scripts/scrape_one.py", line 24, in scrape_one
    from jobspy import scrape_jobs
ModuleNotFoundError: No module named 'jobspy'
[05:30:04] Running: Chief Data Officer
[05:30:05] Scraping 'Chief Data Officer' on both...
Traceback (most recent call last):
  File "/root/projects/getautoapply/scripts/scrape_one.py", line 134, in <module>
    main()
  File "/root/projects/getautoapply/scripts/scrape_one.py", line 126, in main
    jobs = scrape_one(SEARCH_TERM, SITE)
           ^^^^^^^^^^^^^^^^^^^^^^^^^^^^^
  File "/root/projects/getautoapply/scripts/scrape_one.py", line 24, in scrape_one
    from jobspy import scrape_jobs
ModuleNotFoundError: No module named 'jobspy'
[05:40:06] Running: Chief Data Officer
[05:40:06] Scraping 'Chief Data Officer' on both...
Traceback (most recent call last):
  File "/root/projects/getautoapply/scripts/scrape_one.py", line 134, in <module>
    main()
  File "/root/projects/getautoapply/scripts/scrape_one.py", line 126, in main
    jobs = scrape_one(SEARCH_TERM, SITE)
           ^^^^^^^^^^^^^^^^^^^^^^^^^^^^^
  File "/root/projects/getautoapply/scripts/scrape_one.py", line 24, in scrape_one
    from jobspy import scrape_jobs
ModuleNotFoundError: No module named 'jobspy'
[05:50:04] Running: Chief Data Officer
[05:50:05] Scraping 'Chief Data Officer' on both...
Traceback (most recent call last):
  File "/root/projects/getautoapply/scripts/scrape_one.py", line 134, in <module>
    main()
  File "/root/projects/getautoapply/scripts/scrape_one.py", line 126, in main
    jobs = scrape_one(SEARCH_TERM, SITE)
           ^^^^^^^^^^^^^^^^^^^^^^^^^^^^^
  File "/root/projects/getautoapply/scripts/scrape_one.py", line 24, in scrape_one
    from jobspy import scrape_jobs
ModuleNotFoundError: No module named 'jobspy'
[06:00:07] Running: Chief Data Officer
[06:00:07] Scraping 'Chief Data Officer' on both...
Traceback (most recent call last):
  File "/root/projects/getautoapply/scripts/scrape_one.py", line 134, in <module>
    main()
  File "/root/projects/getautoapply/scripts/scrape_one.py", line 126, in main
    jobs = scrape_one(SEARCH_TERM, SITE)
           ^^^^^^^^^^^^^^^^^^^^^^^^^^^^^
  File "/root/projects/getautoapply/scripts/scrape_one.py", line 24, in scrape_one
    from jobspy import scrape_jobs
ModuleNotFoundError: No module named 'jobspy'
[06:10:04] Running: Chief Data Officer
[06:10:04] Scraping 'Chief Data Officer' on both...
Traceback (most recent call last):
  File "/root/projects/getautoapply/scripts/scrape_one.py", line 134, in <module>
    main()
  File "/root/projects/getautoapply/scripts/scrape_one.py", line 126, in main
    jobs = scrape_one(SEARCH_TERM, SITE)
           ^^^^^^^^^^^^^^^^^^^^^^^^^^^^^
  File "/root/projects/getautoapply/scripts/scrape_one.py", line 24, in scrape_one
    from jobspy import scrape_jobs
ModuleNotFoundError: No module named 'jobspy'
[06:20:04] Running: Chief Data Officer
[06:20:05] Scraping 'Chief Data Officer' on both...
Traceback (most recent call last):
  File "/root/projects/getautoapply/scripts/scrape_one.py", line 134, in <module>
    main()
  File "/root/projects/getautoapply/scripts/scrape_one.py", line 126, in main
    jobs = scrape_one(SEARCH_TERM, SITE)
           ^^^^^^^^^^^^^^^^^^^^^^^^^^^^^
  File "/root/projects/getautoapply/scripts/scrape_one.py", line 24, in scrape_one
    from jobspy import scrape_jobs
ModuleNotFoundError: No module named 'jobspy'
[06:30:05] Running: Chief Data Officer
[06:30:05] Scraping 'Chief Data Officer' on both...
Traceback (most recent call last):
  File "/root/projects/getautoapply/scripts/scrape_one.py", line 134, in <module>
    main()
  File "/root/projects/getautoapply/scripts/scrape_one.py", line 126, in main
    jobs = scrape_one(SEARCH_TERM, SITE)
           ^^^^^^^^^^^^^^^^^^^^^^^^^^^^^
  File "/root/projects/getautoapply/scripts/scrape_one.py", line 24, in scrape_one
    from jobspy import scrape_jobs
ModuleNotFoundError: No module named 'jobspy'
[06:40:06] Running: Chief Data Officer
[06:40:06] Scraping 'Chief Data Officer' on both...
Traceback (most recent call last):
  File "/root/projects/getautoapply/scripts/scrape_one.py", line 134, in <module>
    main()
  File "/root/projects/getautoapply/scripts/scrape_one.py", line 126, in main
    jobs = scrape_one(SEARCH_TERM, SITE)
           ^^^^^^^^^^^^^^^^^^^^^^^^^^^^^
  File "/root/projects/getautoapply/scripts/scrape_one.py", line 24, in scrape_one
    from jobspy import scrape_jobs
ModuleNotFoundError: No module named 'jobspy'
[06:50:05] Running: Chief Data Officer
[06:50:05] Scraping 'Chief Data Officer' on both...
Traceback (most recent call last):
  File "/root/projects/getautoapply/scripts/scrape_one.py", line 134, in <module>
    main()
  File "/root/projects/getautoapply/scripts/scrape_one.py", line 126, in main
    jobs = scrape_one(SEARCH_TERM, SITE)
           ^^^^^^^^^^^^^^^^^^^^^^^^^^^^^
  File "/root/projects/getautoapply/scripts/scrape_one.py", line 24, in scrape_one
    from jobspy import scrape_jobs
ModuleNotFoundError: No module named 'jobspy'
[07:00:06] Running: Chief Data Officer
[07:00:07] Scraping 'Chief Data Officer' on both...
Traceback (most recent call last):
  File "/root/projects/getautoapply/scripts/scrape_one.py", line 134, in <module>
    main()
  File "/root/projects/getautoapply/scripts/scrape_one.py", line 126, in main
    jobs = scrape_one(SEARCH_TERM, SITE)
           ^^^^^^^^^^^^^^^^^^^^^^^^^^^^^
  File "/root/projects/getautoapply/scripts/scrape_one.py", line 24, in scrape_one
    from jobspy import scrape_jobs
ModuleNotFoundError: No module named 'jobspy'
[07:10:04] Running: Chief Data Officer
[07:10:04] Scraping 'Chief Data Officer' on both...
Traceback (most recent call last):
  File "/root/projects/getautoapply/scripts/scrape_one.py", line 134, in <module>
    main()
  File "/root/projects/getautoapply/scripts/scrape_one.py", line 126, in main
    jobs = scrape_one(SEARCH_TERM, SITE)
           ^^^^^^^^^^^^^^^^^^^^^^^^^^^^^
  File "/root/projects/getautoapply/scripts/scrape_one.py", line 24, in scrape_one
    from jobspy import scrape_jobs
ModuleNotFoundError: No module named 'jobspy'
[07:20:08] Running: Chief Data Officer
[07:20:08] Scraping 'Chief Data Officer' on both...
Traceback (most recent call last):
  File "/root/projects/getautoapply/scripts/scrape_one.py", line 134, in <module>
    main()
  File "/root/projects/getautoapply/scripts/scrape_one.py", line 126, in main
    jobs = scrape_one(SEARCH_TERM, SITE)
           ^^^^^^^^^^^^^^^^^^^^^^^^^^^^^
  File "/root/projects/getautoapply/scripts/scrape_one.py", line 24, in scrape_one
    from jobspy import scrape_jobs
ModuleNotFoundError: No module named 'jobspy'
[07:30:06] Running: Chief Data Officer
[07:30:06] Scraping 'Chief Data Officer' on both...
Traceback (most recent call last):
  File "/root/projects/getautoapply/scripts/scrape_one.py", line 134, in <module>
    main()
  File "/root/projects/getautoapply/scripts/scrape_one.py", line 126, in main
    jobs = scrape_one(SEARCH_TERM, SITE)
           ^^^^^^^^^^^^^^^^^^^^^^^^^^^^^
  File "/root/projects/getautoapply/scripts/scrape_one.py", line 24, in scrape_one
    from jobspy import scrape_jobs
ModuleNotFoundError: No module named 'jobspy'
[07:40:06] Running: Chief Data Officer
[07:40:06] Scraping 'Chief Data Officer' on both...
Traceback (most recent call last):
  File "/root/projects/getautoapply/scripts/scrape_one.py", line 134, in <module>
    main()
  File "/root/projects/getautoapply/scripts/scrape_one.py", line 126, in main
    jobs = scrape_one(SEARCH_TERM, SITE)
           ^^^^^^^^^^^^^^^^^^^^^^^^^^^^^
  File "/root/projects/getautoapply/scripts/scrape_one.py", line 24, in scrape_one
    from jobspy import scrape_jobs
ModuleNotFoundError: No module named 'jobspy'
[07:50:05] Running: Chief Data Officer
[07:50:05] Scraping 'Chief Data Officer' on both...
Traceback (most recent call last):
  File "/root/projects/getautoapply/scripts/scrape_one.py", line 134, in <module>
    main()
  File "/root/projects/getautoapply/scripts/scrape_one.py", line 126, in main
    jobs = scrape_one(SEARCH_TERM, SITE)
           ^^^^^^^^^^^^^^^^^^^^^^^^^^^^^
  File "/root/projects/getautoapply/scripts/scrape_one.py", line 24, in scrape_one
    from jobspy import scrape_jobs
ModuleNotFoundError: No module named 'jobspy'
[08:00:06] Running: Chief Data Officer
[08:00:06] Scraping 'Chief Data Officer' on both...
Traceback (most recent call last):
  File "/root/projects/getautoapply/scripts/scrape_one.py", line 134, in <module>
    main()
  File "/root/projects/getautoapply/scripts/scrape_one.py", line 126, in main
    jobs = scrape_one(SEARCH_TERM, SITE)
           ^^^^^^^^^^^^^^^^^^^^^^^^^^^^^
  File "/root/projects/getautoapply/scripts/scrape_one.py", line 24, in scrape_one
    from jobspy import scrape_jobs
ModuleNotFoundError: No module named 'jobspy'
[08:10:04] Running: Chief Data Officer
[08:10:05] Scraping 'Chief Data Officer' on both...
Traceback (most recent call last):
  File "/root/projects/getautoapply/scripts/scrape_one.py", line 134, in <module>
    main()
  File "/root/projects/getautoapply/scripts/scrape_one.py", line 126, in main
    jobs = scrape_one(SEARCH_TERM, SITE)
           ^^^^^^^^^^^^^^^^^^^^^^^^^^^^^
  File "/root/projects/getautoapply/scripts/scrape_one.py", line 24, in scrape_one
    from jobspy import scrape_jobs
ModuleNotFoundError: No module named 'jobspy'
[08:20:08] Running: Chief Data Officer
[08:20:08] Scraping 'Chief Data Officer' on both...
Traceback (most recent call last):
  File "/root/projects/getautoapply/scripts/scrape_one.py", line 134, in <module>
    main()
  File "/root/projects/getautoapply/scripts/scrape_one.py", line 126, in main
    jobs = scrape_one(SEARCH_TERM, SITE)
           ^^^^^^^^^^^^^^^^^^^^^^^^^^^^^
  File "/root/projects/getautoapply/scripts/scrape_one.py", line 24, in scrape_one
    from jobspy import scrape_jobs
ModuleNotFoundError: No module named 'jobspy'
[08:30:06] Running: Chief Data Officer
[08:30:06] Scraping 'Chief Data Officer' on both...
Traceback (most recent call last):
  File "/root/projects/getautoapply/scripts/scrape_one.py", line 134, in <module>
    main()
  File "/root/projects/getautoapply/scripts/scrape_one.py", line 126, in main
    jobs = scrape_one(SEARCH_TERM, SITE)
           ^^^^^^^^^^^^^^^^^^^^^^^^^^^^^
  File "/root/projects/getautoapply/scripts/scrape_one.py", line 24, in scrape_one
    from jobspy import scrape_jobs
ModuleNotFoundError: No module named 'jobspy'
[08:40:05] Running: Chief Data Officer
[08:40:05] Scraping 'Chief Data Officer' on both...
Traceback (most recent call last):
  File "/root/projects/getautoapply/scripts/scrape_one.py", line 134, in <module>
    main()
  File "/root/projects/getautoapply/scripts/scrape_one.py", line 126, in main
    jobs = scrape_one(SEARCH_TERM, SITE)
           ^^^^^^^^^^^^^^^^^^^^^^^^^^^^^
  File "/root/projects/getautoapply/scripts/scrape_one.py", line 24, in scrape_one
    from jobspy import scrape_jobs
ModuleNotFoundError: No module named 'jobspy'
[08:50:05] Running: Chief Data Officer
[08:50:05] Scraping 'Chief Data Officer' on both...
Traceback (most recent call last):
  File "/root/projects/getautoapply/scripts/scrape_one.py", line 134, in <module>
    main()
  File "/root/projects/getautoapply/scripts/scrape_one.py", line 126, in main
    jobs = scrape_one(SEARCH_TERM, SITE)
           ^^^^^^^^^^^^^^^^^^^^^^^^^^^^^
  File "/root/projects/getautoapply/scripts/scrape_one.py", line 24, in scrape_one
    from jobspy import scrape_jobs
ModuleNotFoundError: No module named 'jobspy'
[09:00:06] Running: Chief Data Officer
[09:00:07] Scraping 'Chief Data Officer' on both...
Traceback (most recent call last):
  File "/root/projects/getautoapply/scripts/scrape_one.py", line 134, in <module>
    main()
  File "/root/projects/getautoapply/scripts/scrape_one.py", line 126, in main
    jobs = scrape_one(SEARCH_TERM, SITE)
           ^^^^^^^^^^^^^^^^^^^^^^^^^^^^^
  File "/root/projects/getautoapply/scripts/scrape_one.py", line 24, in scrape_one
    from jobspy import scrape_jobs
ModuleNotFoundError: No module named 'jobspy'
[09:10:06] Running: Chief Data Officer
[09:10:06] Scraping 'Chief Data Officer' on both...
Traceback (most recent call last):
  File "/root/projects/getautoapply/scripts/scrape_one.py", line 134, in <module>
    main()
  File "/root/projects/getautoapply/scripts/scrape_one.py", line 126, in main
    jobs = scrape_one(SEARCH_TERM, SITE)
           ^^^^^^^^^^^^^^^^^^^^^^^^^^^^^
  File "/root/projects/getautoapply/scripts/scrape_one.py", line 24, in scrape_one
    from jobspy import scrape_jobs
ModuleNotFoundError: No module named 'jobspy'
[09:20:07] Running: Chief Data Officer
[09:20:08] Scraping 'Chief Data Officer' on both...
Traceback (most recent call last):
  File "/root/projects/getautoapply/scripts/scrape_one.py", line 134, in <module>
    main()
  File "/root/projects/getautoapply/scripts/scrape_one.py", line 126, in main
    jobs = scrape_one(SEARCH_TERM, SITE)
           ^^^^^^^^^^^^^^^^^^^^^^^^^^^^^
  File "/root/projects/getautoapply/scripts/scrape_one.py", line 24, in scrape_one
    from jobspy import scrape_jobs
ModuleNotFoundError: No module named 'jobspy'
[09:30:06] Running: Chief Data Officer
[09:30:06] Scraping 'Chief Data Officer' on both...
Traceback (most recent call last):
  File "/root/projects/getautoapply/scripts/scrape_one.py", line 134, in <module>
    main()
  File "/root/projects/getautoapply/scripts/scrape_one.py", line 126, in main
    jobs = scrape_one(SEARCH_TERM, SITE)
           ^^^^^^^^^^^^^^^^^^^^^^^^^^^^^
  File "/root/projects/getautoapply/scripts/scrape_one.py", line 24, in scrape_one
    from jobspy import scrape_jobs
ModuleNotFoundError: No module named 'jobspy'
[09:40:11] Running: Chief Data Officer
[09:40:11] Scraping 'Chief Data Officer' on both...
Traceback (most recent call last):
  File "/root/projects/getautoapply/scripts/scrape_one.py", line 134, in <module>
    main()
  File "/root/projects/getautoapply/scripts/scrape_one.py", line 126, in main
    jobs = scrape_one(SEARCH_TERM, SITE)
           ^^^^^^^^^^^^^^^^^^^^^^^^^^^^^
  File "/root/projects/getautoapply/scripts/scrape_one.py", line 24, in scrape_one
    from jobspy import scrape_jobs
ModuleNotFoundError: No module named 'jobspy'
[09:50:06] Running: Chief Data Officer
[09:50:07] Scraping 'Chief Data Officer' on both...
Traceback (most recent call last):
  File "/root/projects/getautoapply/scripts/scrape_one.py", line 134, in <module>
    main()
  File "/root/projects/getautoapply/scripts/scrape_one.py", line 126, in main
    jobs = scrape_one(SEARCH_TERM, SITE)
           ^^^^^^^^^^^^^^^^^^^^^^^^^^^^^
  File "/root/projects/getautoapply/scripts/scrape_one.py", line 24, in scrape_one
    from jobspy import scrape_jobs
ModuleNotFoundError: No module named 'jobspy'
[10:00:06] Running: Chief Data Officer
[10:00:06] Scraping 'Chief Data Officer' on both...
Traceback (most recent call last):
  File "/root/projects/getautoapply/scripts/scrape_one.py", line 134, in <module>
    main()
  File "/root/projects/getautoapply/scripts/scrape_one.py", line 126, in main
    jobs = scrape_one(SEARCH_TERM, SITE)
           ^^^^^^^^^^^^^^^^^^^^^^^^^^^^^
  File "/root/projects/getautoapply/scripts/scrape_one.py", line 24, in scrape_one
    from jobspy import scrape_jobs
ModuleNotFoundError: No module named 'jobspy'
[10:10:07] Running: Chief Data Officer
[10:10:08] Scraping 'Chief Data Officer' on both...
Traceback (most recent call last):
  File "/root/projects/getautoapply/scripts/scrape_one.py", line 134, in <module>
    main()
  File "/root/projects/getautoapply/scripts/scrape_one.py", line 126, in main
    jobs = scrape_one(SEARCH_TERM, SITE)
           ^^^^^^^^^^^^^^^^^^^^^^^^^^^^^
  File "/root/projects/getautoapply/scripts/scrape_one.py", line 24, in scrape_one
    from jobspy import scrape_jobs
ModuleNotFoundError: No module named 'jobspy'
[10:20:08] Running: Chief Data Officer
[10:20:08] Scraping 'Chief Data Officer' on both...
Traceback (most recent call last):
  File "/root/projects/getautoapply/scripts/scrape_one.py", line 134, in <module>
    main()
  File "/root/projects/getautoapply/scripts/scrape_one.py", line 126, in main
    jobs = scrape_one(SEARCH_TERM, SITE)
           ^^^^^^^^^^^^^^^^^^^^^^^^^^^^^
  File "/root/projects/getautoapply/scripts/scrape_one.py", line 24, in scrape_one
    from jobspy import scrape_jobs
ModuleNotFoundError: No module named 'jobspy'
[10:30:04] Running: Chief Data Officer
[10:30:04] Scraping 'Chief Data Officer' on both...
Traceback (most recent call last):
  File "/root/projects/getautoapply/scripts/scrape_one.py", line 134, in <module>
    main()
  File "/root/projects/getautoapply/scripts/scrape_one.py", line 126, in main
    jobs = scrape_one(SEARCH_TERM, SITE)
           ^^^^^^^^^^^^^^^^^^^^^^^^^^^^^
  File "/root/projects/getautoapply/scripts/scrape_one.py", line 24, in scrape_one
    from jobspy import scrape_jobs
ModuleNotFoundError: No module named 'jobspy'
[10:40:09] Running: Chief Data Officer
[10:40:09] Scraping 'Chief Data Officer' on both...
Traceback (most recent call last):
  File "/root/projects/getautoapply/scripts/scrape_one.py", line 134, in <module>
    main()
  File "/root/projects/getautoapply/scripts/scrape_one.py", line 126, in main
    jobs = scrape_one(SEARCH_TERM, SITE)
           ^^^^^^^^^^^^^^^^^^^^^^^^^^^^^
  File "/root/projects/getautoapply/scripts/scrape_one.py", line 24, in scrape_one
    from jobspy import scrape_jobs
ModuleNotFoundError: No module named 'jobspy'
[10:50:07] Running: Chief Data Officer
[10:50:07] Scraping 'Chief Data Officer' on both...
Traceback (most recent call last):
  File "/root/projects/getautoapply/scripts/scrape_one.py", line 134, in <module>
    main()
  File "/root/projects/getautoapply/scripts/scrape_one.py", line 126, in main
    jobs = scrape_one(SEARCH_TERM, SITE)
           ^^^^^^^^^^^^^^^^^^^^^^^^^^^^^
  File "/root/projects/getautoapply/scripts/scrape_one.py", line 24, in scrape_one
    from jobspy import scrape_jobs
ModuleNotFoundError: No module named 'jobspy'
[11:00:10] Running: Chief Data Officer
[11:00:10] Scraping 'Chief Data Officer' on both...
Traceback (most recent call last):
  File "/root/projects/getautoapply/scripts/scrape_one.py", line 134, in <module>
    main()
  File "/root/projects/getautoapply/scripts/scrape_one.py", line 126, in main
    jobs = scrape_one(SEARCH_TERM, SITE)
           ^^^^^^^^^^^^^^^^^^^^^^^^^^^^^
  File "/root/projects/getautoapply/scripts/scrape_one.py", line 24, in scrape_one
    from jobspy import scrape_jobs
ModuleNotFoundError: No module named 'jobspy'
[11:10:04] Running: Chief Data Officer
[11:10:04] Scraping 'Chief Data Officer' on both...
Traceback (most recent call last):
  File "/root/projects/getautoapply/scripts/scrape_one.py", line 134, in <module>
    main()
  File "/root/projects/getautoapply/scripts/scrape_one.py", line 126, in main
    jobs = scrape_one(SEARCH_TERM, SITE)
           ^^^^^^^^^^^^^^^^^^^^^^^^^^^^^
  File "/root/projects/getautoapply/scripts/scrape_one.py", line 24, in scrape_one
    from jobspy import scrape_jobs
ModuleNotFoundError: No module named 'jobspy'
[11:20:08] Running: Chief Data Officer
[11:20:08] Scraping 'Chief Data Officer' on both...
Traceback (most recent call last):
  File "/root/projects/getautoapply/scripts/scrape_one.py", line 134, in <module>
    main()
  File "/root/projects/getautoapply/scripts/scrape_one.py", line 126, in main
    jobs = scrape_one(SEARCH_TERM, SITE)
           ^^^^^^^^^^^^^^^^^^^^^^^^^^^^^
  File "/root/projects/getautoapply/scripts/scrape_one.py", line 24, in scrape_one
    from jobspy import scrape_jobs
ModuleNotFoundError: No module named 'jobspy'
[11:30:05] Running: Chief Data Officer
[11:30:05] Scraping 'Chief Data Officer' on both...
Traceback (most recent call last):
  File "/root/projects/getautoapply/scripts/scrape_one.py", line 134, in <module>
    main()
  File "/root/projects/getautoapply/scripts/scrape_one.py", line 126, in main
    jobs = scrape_one(SEARCH_TERM, SITE)
           ^^^^^^^^^^^^^^^^^^^^^^^^^^^^^
  File "/root/projects/getautoapply/scripts/scrape_one.py", line 24, in scrape_one
    from jobspy import scrape_jobs
ModuleNotFoundError: No module named 'jobspy'
[11:40:05] Running: Chief Data Officer
[11:40:06] Scraping 'Chief Data Officer' on both...
Traceback (most recent call last):
  File "/root/projects/getautoapply/scripts/scrape_one.py", line 134, in <module>
    main()
  File "/root/projects/getautoapply/scripts/scrape_one.py", line 126, in main
    jobs = scrape_one(SEARCH_TERM, SITE)
           ^^^^^^^^^^^^^^^^^^^^^^^^^^^^^
  File "/root/projects/getautoapply/scripts/scrape_one.py", line 24, in scrape_one
    from jobspy import scrape_jobs
ModuleNotFoundError: No module named 'jobspy'
[11:50:05] Running: Chief Data Officer
[11:50:06] Scraping 'Chief Data Officer' on both...
Traceback (most recent call last):
  File "/root/projects/getautoapply/scripts/scrape_one.py", line 134, in <module>
    main()
  File "/root/projects/getautoapply/scripts/scrape_one.py", line 126, in main
    jobs = scrape_one(SEARCH_TERM, SITE)
           ^^^^^^^^^^^^^^^^^^^^^^^^^^^^^
  File "/root/projects/getautoapply/scripts/scrape_one.py", line 24, in scrape_one
    from jobspy import scrape_jobs
ModuleNotFoundError: No module named 'jobspy'
[12:00:06] Running: Chief Data Officer
[12:00:06] Scraping 'Chief Data Officer' on both...
Traceback (most recent call last):
  File "/root/projects/getautoapply/scripts/scrape_one.py", line 134, in <module>
    main()
  File "/root/projects/getautoapply/scripts/scrape_one.py", line 126, in main
    jobs = scrape_one(SEARCH_TERM, SITE)
           ^^^^^^^^^^^^^^^^^^^^^^^^^^^^^
  File "/root/projects/getautoapply/scripts/scrape_one.py", line 24, in scrape_one
    from jobspy import scrape_jobs
ModuleNotFoundError: No module named 'jobspy'
[12:10:06] Running: Chief Data Officer
[12:10:06] Scraping 'Chief Data Officer' on both...
Traceback (most recent call last):
  File "/root/projects/getautoapply/scripts/scrape_one.py", line 134, in <module>
    main()
  File "/root/projects/getautoapply/scripts/scrape_one.py", line 126, in main
    jobs = scrape_one(SEARCH_TERM, SITE)
           ^^^^^^^^^^^^^^^^^^^^^^^^^^^^^
  File "/root/projects/getautoapply/scripts/scrape_one.py", line 24, in scrape_one
    from jobspy import scrape_jobs
ModuleNotFoundError: No module named 'jobspy'
[12:20:09] Running: Chief Data Officer
[12:20:10] Scraping 'Chief Data Officer' on both...
Traceback (most recent call last):
  File "/root/projects/getautoapply/scripts/scrape_one.py", line 134, in <module>
    main()
  File "/root/projects/getautoapply/scripts/scrape_one.py", line 126, in main
    jobs = scrape_one(SEARCH_TERM, SITE)
           ^^^^^^^^^^^^^^^^^^^^^^^^^^^^^
  File "/root/projects/getautoapply/scripts/scrape_one.py", line 24, in scrape_one
    from jobspy import scrape_jobs
ModuleNotFoundError: No module named 'jobspy'
[12:30:06] Running: Chief Data Officer
[12:30:07] Scraping 'Chief Data Officer' on both...
Traceback (most recent call last):
  File "/root/projects/getautoapply/scripts/scrape_one.py", line 134, in <module>
    main()
  File "/root/projects/getautoapply/scripts/scrape_one.py", line 126, in main
    jobs = scrape_one(SEARCH_TERM, SITE)
           ^^^^^^^^^^^^^^^^^^^^^^^^^^^^^
  File "/root/projects/getautoapply/scripts/scrape_one.py", line 24, in scrape_one
    from jobspy import scrape_jobs
ModuleNotFoundError: No module named 'jobspy'
[12:40:06] Running: Chief Data Officer
[12:40:06] Scraping 'Chief Data Officer' on both...
Traceback (most recent call last):
  File "/root/projects/getautoapply/scripts/scrape_one.py", line 134, in <module>
    main()
  File "/root/projects/getautoapply/scripts/scrape_one.py", line 126, in main
    jobs = scrape_one(SEARCH_TERM, SITE)
           ^^^^^^^^^^^^^^^^^^^^^^^^^^^^^
  File "/root/projects/getautoapply/scripts/scrape_one.py", line 24, in scrape_one
    from jobspy import scrape_jobs
ModuleNotFoundError: No module named 'jobspy'
[12:50:05] Running: Chief Data Officer
[12:50:05] Scraping 'Chief Data Officer' on both...
Traceback (most recent call last):
  File "/root/projects/getautoapply/scripts/scrape_one.py", line 134, in <module>
    main()
  File "/root/projects/getautoapply/scripts/scrape_one.py", line 126, in main
    jobs = scrape_one(SEARCH_TERM, SITE)
           ^^^^^^^^^^^^^^^^^^^^^^^^^^^^^
  File "/root/projects/getautoapply/scripts/scrape_one.py", line 24, in scrape_one
    from jobspy import scrape_jobs
ModuleNotFoundError: No module named 'jobspy'
[13:00:07] Running: Chief Data Officer
[13:00:08] Scraping 'Chief Data Officer' on both...
Traceback (most recent call last):
  File "/root/projects/getautoapply/scripts/scrape_one.py", line 134, in <module>
    main()
  File "/root/projects/getautoapply/scripts/scrape_one.py", line 126, in main
    jobs = scrape_one(SEARCH_TERM, SITE)
           ^^^^^^^^^^^^^^^^^^^^^^^^^^^^^
  File "/root/projects/getautoapply/scripts/scrape_one.py", line 24, in scrape_one
    from jobspy import scrape_jobs
ModuleNotFoundError: No module named 'jobspy'
[13:10:07] Running: Chief Data Officer
[13:10:07] Scraping 'Chief Data Officer' on both...
Traceback (most recent call last):
  File "/root/projects/getautoapply/scripts/scrape_one.py", line 134, in <module>
    main()
  File "/root/projects/getautoapply/scripts/scrape_one.py", line 126, in main
    jobs = scrape_one(SEARCH_TERM, SITE)
           ^^^^^^^^^^^^^^^^^^^^^^^^^^^^^
  File "/root/projects/getautoapply/scripts/scrape_one.py", line 24, in scrape_one
    from jobspy import scrape_jobs
ModuleNotFoundError: No module named 'jobspy'
[13:20:19] Running: Chief Data Officer
[13:20:20] Scraping 'Chief Data Officer' on both...
Traceback (most recent call last):
  File "/root/projects/getautoapply/scripts/scrape_one.py", line 134, in <module>
    main()
  File "/root/projects/getautoapply/scripts/scrape_one.py", line 126, in main
    jobs = scrape_one(SEARCH_TERM, SITE)
           ^^^^^^^^^^^^^^^^^^^^^^^^^^^^^
  File "/root/projects/getautoapply/scripts/scrape_one.py", line 24, in scrape_one
    from jobspy import scrape_jobs
ModuleNotFoundError: No module named 'jobspy'
[13:30:05] Running: Chief Data Officer
[13:30:06] Scraping 'Chief Data Officer' on both...
Traceback (most recent call last):
  File "/root/projects/getautoapply/scripts/scrape_one.py", line 134, in <module>
    main()
  File "/root/projects/getautoapply/scripts/scrape_one.py", line 126, in main
    jobs = scrape_one(SEARCH_TERM, SITE)
           ^^^^^^^^^^^^^^^^^^^^^^^^^^^^^
  File "/root/projects/getautoapply/scripts/scrape_one.py", line 24, in scrape_one
    from jobspy import scrape_jobs
ModuleNotFoundError: No module named 'jobspy'
[13:40:05] Running: Chief Data Officer
[13:40:06] Scraping 'Chief Data Officer' on both...
Traceback (most recent call last):
  File "/root/projects/getautoapply/scripts/scrape_one.py", line 134, in <module>
    main()
  File "/root/projects/getautoapply/scripts/scrape_one.py", line 126, in main
    jobs = scrape_one(SEARCH_TERM, SITE)
           ^^^^^^^^^^^^^^^^^^^^^^^^^^^^^
  File "/root/projects/getautoapply/scripts/scrape_one.py", line 24, in scrape_one
    from jobspy import scrape_jobs
ModuleNotFoundError: No module named 'jobspy'
[13:50:05] Running: Chief Data Officer
[13:50:05] Scraping 'Chief Data Officer' on both...
Traceback (most recent call last):
  File "/root/projects/getautoapply/scripts/scrape_one.py", line 134, in <module>
    main()
  File "/root/projects/getautoapply/scripts/scrape_one.py", line 126, in main
    jobs = scrape_one(SEARCH_TERM, SITE)
           ^^^^^^^^^^^^^^^^^^^^^^^^^^^^^
  File "/root/projects/getautoapply/scripts/scrape_one.py", line 24, in scrape_one
    from jobspy import scrape_jobs
ModuleNotFoundError: No module named 'jobspy'
[14:00:06] Running: Chief Data Officer
[14:00:06] Scraping 'Chief Data Officer' on both...
Traceback (most recent call last):
  File "/root/projects/getautoapply/scripts/scrape_one.py", line 134, in <module>
    main()
  File "/root/projects/getautoapply/scripts/scrape_one.py", line 126, in main
    jobs = scrape_one(SEARCH_TERM, SITE)
           ^^^^^^^^^^^^^^^^^^^^^^^^^^^^^
  File "/root/projects/getautoapply/scripts/scrape_one.py", line 24, in scrape_one
    from jobspy import scrape_jobs
ModuleNotFoundError: No module named 'jobspy'
[14:10:05] Running: Chief Data Officer
[14:10:05] Scraping 'Chief Data Officer' on both...
Traceback (most recent call last):
  File "/root/projects/getautoapply/scripts/scrape_one.py", line 134, in <module>
    main()
  File "/root/projects/getautoapply/scripts/scrape_one.py", line 126, in main
    jobs = scrape_one(SEARCH_TERM, SITE)
           ^^^^^^^^^^^^^^^^^^^^^^^^^^^^^
  File "/root/projects/getautoapply/scripts/scrape_one.py", line 24, in scrape_one
    from jobspy import scrape_jobs
ModuleNotFoundError: No module named 'jobspy'
[14:20:12] Running: Chief Data Officer
[14:20:13] Scraping 'Chief Data Officer' on both...
Traceback (most recent call last):
  File "/root/projects/getautoapply/scripts/scrape_one.py", line 134, in <module>
    main()
  File "/root/projects/getautoapply/scripts/scrape_one.py", line 126, in main
    jobs = scrape_one(SEARCH_TERM, SITE)
           ^^^^^^^^^^^^^^^^^^^^^^^^^^^^^
  File "/root/projects/getautoapply/scripts/scrape_one.py", line 24, in scrape_one
    from jobspy import scrape_jobs
ModuleNotFoundError: No module named 'jobspy'
[14:30:32] Running: software engineer
[14:30:32] Scraping 'software engineer' on both...
Traceback (most recent call last):
  File "/root/projects/getautoapply/scripts/scrape_one.py", line 134, in <module>
    main()
  File "/root/projects/getautoapply/scripts/scrape_one.py", line 126, in main
    jobs = scrape_one(SEARCH_TERM, SITE)
           ^^^^^^^^^^^^^^^^^^^^^^^^^^^^^
  File "/root/projects/getautoapply/scripts/scrape_one.py", line 24, in scrape_one
    from jobspy import scrape_jobs
ModuleNotFoundError: No module named 'jobspy'
[14:40:18] Running: Chief Data Officer
[14:40:18] Scraping 'Chief Data Officer' on both...
Traceback (most recent call last):
  File "/root/projects/getautoapply/scripts/scrape_one.py", line 134, in <module>
    main()
  File "/root/projects/getautoapply/scripts/scrape_one.py", line 126, in main
    jobs = scrape_one(SEARCH_TERM, SITE)
           ^^^^^^^^^^^^^^^^^^^^^^^^^^^^^
  File "/root/projects/getautoapply/scripts/scrape_one.py", line 24, in scrape_one
    from jobspy import scrape_jobs
ModuleNotFoundError: No module named 'jobspy'
[14:50:06] Running: Chief Data Officer
[14:50:06] Scraping 'Chief Data Officer' on both...
Traceback (most recent call last):
  File "/root/projects/getautoapply/scripts/scrape_one.py", line 134, in <module>
    main()
  File "/root/projects/getautoapply/scripts/scrape_one.py", line 126, in main
    jobs = scrape_one(SEARCH_TERM, SITE)
           ^^^^^^^^^^^^^^^^^^^^^^^^^^^^^
  File "/root/projects/getautoapply/scripts/scrape_one.py", line 24, in scrape_one
    from jobspy import scrape_jobs
ModuleNotFoundError: No module named 'jobspy'
[15:00:10] Running: Chief Data Officer
[15:00:11] Scraping 'Chief Data Officer' on both...
Traceback (most recent call last):
  File "/root/projects/getautoapply/scripts/scrape_one.py", line 134, in <module>
    main()
  File "/root/projects/getautoapply/scripts/scrape_one.py", line 126, in main
    jobs = scrape_one(SEARCH_TERM, SITE)
           ^^^^^^^^^^^^^^^^^^^^^^^^^^^^^
  File "/root/projects/getautoapply/scripts/scrape_one.py", line 24, in scrape_one
    from jobspy import scrape_jobs
ModuleNotFoundError: No module named 'jobspy'
[15:10:06] Running: Chief Data Officer
[15:10:06] Scraping 'Chief Data Officer' on both...
Traceback (most recent call last):
  File "/root/projects/getautoapply/scripts/scrape_one.py", line 134, in <module>
    main()
  File "/root/projects/getautoapply/scripts/scrape_one.py", line 126, in main
    jobs = scrape_one(SEARCH_TERM, SITE)
           ^^^^^^^^^^^^^^^^^^^^^^^^^^^^^
  File "/root/projects/getautoapply/scripts/scrape_one.py", line 24, in scrape_one
    from jobspy import scrape_jobs
ModuleNotFoundError: No module named 'jobspy'
[15:20:27] Running: Chief Data Officer
[15:20:27] Scraping 'Chief Data Officer' on both...
Traceback (most recent call last):
  File "/root/projects/getautoapply/scripts/scrape_one.py", line 134, in <module>
    main()
  File "/root/projects/getautoapply/scripts/scrape_one.py", line 126, in main
    jobs = scrape_one(SEARCH_TERM, SITE)
           ^^^^^^^^^^^^^^^^^^^^^^^^^^^^^
  File "/root/projects/getautoapply/scripts/scrape_one.py", line 24, in scrape_one
    from jobspy import scrape_jobs
ModuleNotFoundError: No module named 'jobspy'
[15:30:06] Running: Chief Data Officer
[15:30:07] Scraping 'Chief Data Officer' on both...
Traceback (most recent call last):
  File "/root/projects/getautoapply/scripts/scrape_one.py", line 134, in <module>
    main()
  File "/root/projects/getautoapply/scripts/scrape_one.py", line 126, in main
    jobs = scrape_one(SEARCH_TERM, SITE)
           ^^^^^^^^^^^^^^^^^^^^^^^^^^^^^
  File "/root/projects/getautoapply/scripts/scrape_one.py", line 24, in scrape_one
    from jobspy import scrape_jobs
ModuleNotFoundError: No module named 'jobspy'
[15:40:07] Running: Chief Data Officer
[15:40:07] Scraping 'Chief Data Officer' on both...
Traceback (most recent call last):
  File "/root/projects/getautoapply/scripts/scrape_one.py", line 134, in <module>
    main()
  File "/root/projects/getautoapply/scripts/scrape_one.py", line 126, in main
    jobs = scrape_one(SEARCH_TERM, SITE)
           ^^^^^^^^^^^^^^^^^^^^^^^^^^^^^
  File "/root/projects/getautoapply/scripts/scrape_one.py", line 24, in scrape_one
    from jobspy import scrape_jobs
ModuleNotFoundError: No module named 'jobspy'
